[debug] [2024-05-17T12:31:56.876Z] ----------------------------------------------------------------------
[debug] [2024-05-17T12:31:56.880Z] Command:       C:\Program Files\nodejs\node.exe C:\Users\Dell\AppData\Roaming\npm\node_modules\firebase-tools\lib\bin\firebase.js init
[debug] [2024-05-17T12:31:56.880Z] CLI Version:   13.4.0
[debug] [2024-05-17T12:31:56.881Z] Platform:      win32
[debug] [2024-05-17T12:31:56.881Z] Node Version:  v18.16.0
[debug] [2024-05-17T12:31:56.883Z] Time:          Fri May 17 2024 18:01:56 GMT+0530 (India Standard Time)
[debug] [2024-05-17T12:31:56.883Z] ----------------------------------------------------------------------
[debug] 
[debug] [2024-05-17T12:31:56.890Z] >>> [apiv2][query] GET https://firebase-public.firebaseio.com/cli.json [none]
[debug] [2024-05-17T12:31:57.110Z] > command requires scopes: ["email","openid","https://www.googleapis.com/auth/cloudplatformprojects.readonly","https://www.googleapis.com/auth/firebase","https://www.googleapis.com/auth/cloud-platform"]
[debug] [2024-05-17T12:31:57.111Z] > authorizing via signed-in user (sarkararpita182000@gmail.com)
[info] 
     ######## #### ########  ######## ########     ###     ######  ########
     ##        ##  ##     ## ##       ##     ##  ##   ##  ##       ##
     ######    ##  ########  ######   ########  #########  ######  ######
     ##        ##  ##    ##  ##       ##     ## ##     ##       ## ##
     ##       #### ##     ## ######## ########  ##     ##  ######  ########

You're about to initialize a Firebase project in this directory:

  E:\netflix\client

Before we get started, keep in mind:

  * You are initializing within an existing Firebase project directory

[debug] [2024-05-17T12:31:58.187Z] <<< [apiv2][status] GET https://firebase-public.firebaseio.com/cli.json 200
[debug] [2024-05-17T12:31:58.188Z] <<< [apiv2][body] GET https://firebase-public.firebaseio.com/cli.json {"cloudBuildErrorAfter":1594252800000,"cloudBuildWarnAfter":1590019200000,"defaultNode10After":1594252800000,"minVersion":"3.0.5","node8DeploysDisabledAfter":1613390400000,"node8RuntimeDisabledAfter":1615809600000,"node8WarnAfter":1600128000000}
[info] 
=== Project Setup
[info] 
[info] First, let's associate this project directory with a Firebase project.
[info] You can create multiple project aliases by running firebase use --add, 
[info] but for now we'll just set up a default project.
[info] 
[debug] [2024-05-17T12:34:57.336Z] Using project from CLI flag: form-f2b72
[debug] [2024-05-17T12:34:57.338Z] > refreshing access token with scopes: []
[debug] [2024-05-17T12:34:57.340Z] >>> [apiv2][query] POST https://www.googleapis.com/oauth2/v3/token [none]
[debug] [2024-05-17T12:34:57.341Z] >>> [apiv2][body] POST https://www.googleapis.com/oauth2/v3/token [omitted]
[debug] [2024-05-17T12:34:57.851Z] <<< [apiv2][status] POST https://www.googleapis.com/oauth2/v3/token 200
[debug] [2024-05-17T12:34:57.853Z] <<< [apiv2][body] POST https://www.googleapis.com/oauth2/v3/token [omitted]
[debug] [2024-05-17T12:34:57.874Z] >>> [apiv2][query] GET https://firebase.googleapis.com/v1beta1/projects/form-f2b72 [none]
[debug] [2024-05-17T12:34:58.801Z] <<< [apiv2][status] GET https://firebase.googleapis.com/v1beta1/projects/form-f2b72 403
[debug] [2024-05-17T12:34:58.801Z] <<< [apiv2][body] GET https://firebase.googleapis.com/v1beta1/projects/form-f2b72 {"error":{"code":403,"message":"The caller does not have permission","status":"PERMISSION_DENIED"}}
[debug] [2024-05-17T12:34:58.803Z] HTTP Error: 403, The caller does not have permission
[debug] [2024-05-17T12:34:59.268Z] FirebaseError: HTTP Error: 403, The caller does not have permission
    at responseToError (C:\Users\Dell\AppData\Roaming\npm\node_modules\firebase-tools\lib\responseToError.js:49:12)
    at RetryOperation._fn (C:\Users\Dell\AppData\Roaming\npm\node_modules\firebase-tools\lib\apiv2.js:292:77)
    at process.processTicksAndRejections (node:internal/process/task_queues:95:5)
[error] 
[error] Error: Failed to get Firebase project form-f2b72. Please make sure the project exists and your account has permission to access it.
